[     547ms] [ERROR] Failed to load resource: the server responded with a status of 500 (Internal Server Error) @ http://localhost:3001/:0
[     710ms] Error: Cannot find module './276.js'
Require stack:
- /Users/teng/Drive/Project/u-plus-lite/.next/server/webpack-runtime.js
- /Users/teng/Drive/Project/u-plus-lite/.next/server/app/page.js
- /Users/teng/Drive/Project/u-plus-lite/node_modules/next/dist/server/require.js
- /Users/teng/Drive/Project/u-plus-lite/node_modules/next/dist/server/load-components.js
- /Users/teng/Drive/Project/u-plus-lite/node_modules/next/dist/build/utils.js
- /Users/teng/Drive/Project/u-plus-lite/node_modules/next/dist/server/dev/hot-middleware.js
- /Users/teng/Drive/Project/u-plus-lite/node_modules/next/dist/server/dev/hot-reloader-webpack.js
- /Users/teng/Drive/Project/u-plus-lite/node_modules/next/dist/server/lib/router-utils/setup-dev-bundler.js
- /Users/teng/Drive/Project/u-plus-lite/node_modules/next/dist/server/lib/router-server.js
- /Users/teng/Drive/Project/u-plus-lite/node_modules/next/dist/server/lib/start-server.js
    at Module._resolveFilename (node:internal/modules/cjs/loader:1455:15)
    at <unknown> (file:///Users/teng/Drive/Project/u-plus-lite/node_modules/next/dist/server/require-hook.js:55:36)
    at defaultResolveImpl (node:internal/modules/cjs/loader:1065:19)
    at resolveForCJSWithHooks (node:internal/modules/cjs/loader:1070:22)
    at Module._load (node:internal/modules/cjs/loader:1241:25)
    at wrapModuleLoad (node:internal/modules/cjs/loader:255:19)
    at Module.require (node:internal/modules/cjs/loader:1555:12)
    at mod.require (file:///Users/teng/Drive/Project/u-plus-lite/node_modules/next/dist/server/require-hook.js:65:28)
    at require (node:internal/modules/helpers:152:16)
    at __webpack_require__.f.require (file:///Users/teng/Drive/Project/u-plus-lite/.next/server/webpack-runtime.js:198:28)
    at <unknown> (file:///Users/teng/Drive/Project/u-plus-lite/.next/server/webpack-runtime.js:111:40)
    at Array.reduce (<anonymous>)
    at __webpack_require__.e (file:///Users/teng/Drive/Project/u-plus-lite/.next/server/webpack-runtime.js:110:67)
    at Array.map (<anonymous>)
    at __webpack_require__.X (file:///Users/teng/Drive/Project/u-plus-lite/.next/server/webpack-runtime.js:162:22)
    at <unknown> (file:///Users/teng/Drive/Project/u-plus-lite/.next/server/app/page.js:1:90589)
    at Object.<anonymous> (file:///Users/teng/Drive/Project/u-plus-lite/.next/server/app/page.js:1:90635)
    at Module._compile (node:internal/modules/cjs/loader:1811:14)
    at Module._extensions..js (node:internal/modules/cjs/loader:1942:10)
    at Module.load (node:internal/modules/cjs/loader:1532:32)
    at Module._load (node:internal/modules/cjs/loader:1334:12)
    at wrapModuleLoad (node:internal/modules/cjs/loader:255:19)
    at Module.require (node:internal/modules/cjs/loader:1555:12)
    at mod.require (file:///Users/teng/Drive/Project/u-plus-lite/node_modules/next/dist/server/require-hook.js:65:28)
    at require (node:internal/modules/helpers:152:16)
    at requirePage (file:///Users/teng/Drive/Project/u-plus-lite/node_modules/next/dist/server/require.js:109:84)
    at <unknown> (file:///Users/teng/Drive/Project/u-plus-lite/node_modules/next/dist/server/load-components.js:103:84)
    at async loadComponentsImpl (file:///Users/teng/Drive/Project/u-plus-lite/node_modules/next/dist/server/load-components.js:103:26)
    at async DevServer.findPageComponentsImpl (file:///Users/teng/Drive/Project/u-plus-lite/node_modules/next/dist/server/next-server.js:714:36)
    at async DevServer.findPageComponents (file:///Users/teng/Drive/Project/u-plus-lite/node_modules/next/dist/server/dev/next-dev-server.js:577:20)
    at async DevServer.renderPageComponent (file:///Users/teng/Drive/Project/u-plus-lite/node_modules/next/dist/server/base-server.js:1910:24)
    at async DevServer.renderToResponseImpl (file:///Users/teng/Drive/Project/u-plus-lite/node_modules/next/dist/server/base-server.js:1962:32)
    at async DevServer.pipeImpl (file:///Users/teng/Drive/Project/u-plus-lite/node_modules/next/dist/server/base-server.js:922:25)
    at async NextNodeServer.handleCatchallRenderRequest (file:///Users/teng/Drive/Project/u-plus-lite/node_modules/next/dist/server/next-server.js:272:17)
    at async DevServer.handleRequestImpl (file:///Users/teng/Drive/Project/u-plus-lite/node_modules/next/dist/server/base-server.js:818:17)
    at async (file:///Users/teng/Drive/Project/u-plus-lite/node_modules/next/dist/server/dev/next-dev-server.js:339:20)
    at async Span.traceAsyncFn (file:///Users/teng/Drive/Project/u-plus-lite/node_modules/next/dist/trace/trace.js:154:20)
    at async DevServer.handleRequest (file:///Users/teng/Drive/Project/u-plus-lite/node_modules/next/dist/server/dev/next-dev-server.js:336:24)
    at async invokeRender (file:///Users/teng/Drive/Project/u-plus-lite/node_modules/next/dist/server/lib/router-server.js:179:21)
    at async handleRequest (file:///Users/teng/Drive/Project/u-plus-lite/node_modules/next/dist/server/lib/router-server.js:359:24)
    at async requestHandlerImpl (file:///Users/teng/Drive/Project/u-plus-lite/node_modules/next/dist/server/lib/router-server.js:383:13)
    at async Server.requestListener (file:///Users/teng/Drive/Project/u-plus-lite/node_modules/next/dist/server/lib/start-server.js:141:13)
[     718ms] [ERROR] Failed to load resource: the server responded with a status of 404 (Not Found) @ http://localhost:3001/favicon.ico:0
[   11117ms] [ERROR] WebSocket connection to 'ws://localhost:3001/_next/webpack-hmr' failed: Error in connection establishment: net::ERR_CONNECTION_REFUSED @ webpack-internal:///./node_modules/next/dist/client/components/react-dev-overlay/pages/websocket.js:63
[   12120ms] [ERROR] WebSocket connection to 'ws://localhost:3001/_next/webpack-hmr' failed: Error in connection establishment: net::ERR_CONNECTION_REFUSED @ webpack-internal:///./node_modules/next/dist/client/components/react-dev-overlay/pages/websocket.js:63
[   13123ms] [ERROR] WebSocket connection to 'ws://localhost:3001/_next/webpack-hmr' failed: Error in connection establishment: net::ERR_CONNECTION_REFUSED @ webpack-internal:///./node_modules/next/dist/client/components/react-dev-overlay/pages/websocket.js:63
[   14126ms] [ERROR] WebSocket connection to 'ws://localhost:3001/_next/webpack-hmr' failed: Error in connection establishment: net::ERR_CONNECTION_REFUSED @ webpack-internal:///./node_modules/next/dist/client/components/react-dev-overlay/pages/websocket.js:63
[   15129ms] [ERROR] WebSocket connection to 'ws://localhost:3001/_next/webpack-hmr' failed: Error in connection establishment: net::ERR_CONNECTION_REFUSED @ webpack-internal:///./node_modules/next/dist/client/components/react-dev-overlay/pages/websocket.js:63
[   20133ms] [ERROR] WebSocket connection to 'ws://localhost:3001/_next/webpack-hmr' failed: Error in connection establishment: net::ERR_CONNECTION_REFUSED @ webpack-internal:///./node_modules/next/dist/client/components/react-dev-overlay/pages/websocket.js:63
[   25136ms] [ERROR] WebSocket connection to 'ws://localhost:3001/_next/webpack-hmr' failed: Error in connection establishment: net::ERR_CONNECTION_REFUSED @ webpack-internal:///./node_modules/next/dist/client/components/react-dev-overlay/pages/websocket.js:63
[   30140ms] [ERROR] WebSocket connection to 'ws://localhost:3001/_next/webpack-hmr' failed: Error in connection establishment: net::ERR_CONNECTION_REFUSED @ webpack-internal:///./node_modules/next/dist/client/components/react-dev-overlay/pages/websocket.js:63
