[   53372ms] [ERROR] ./src/components/RequirementPanel.tsx
Error: 
  x Expression expected
    ,-[/Users/teng/Drive/Project/u-plus-lite/src/components/RequirementPanel.tsx:73:1]
 73 |     }
 74 |     activeDraftIdRef.current = activeDraftId
 75 |   }, [activeDraftId, cycleId])
 76 |   }, [activeDraftId, cycleId])
    :    ^
 77 | 
 78 |   // Restore activeDraftId from sessionStorage on mount
 79 |   useEffect(() => {
    `----

Caused by:
    Syntax Error

Import trace for requested module:
./src/components/RequirementPanel.tsx
./src/app/page.tsx @ webpack-internal:///(app-pages-browser)/./node_modules/next/dist/client/app-index.js:32
[   68491ms] [ERROR] ./src/components/RequirementPanel.tsx
Error: 
  x Expression expected
    ,-[/Users/teng/Drive/Project/u-plus-lite/src/components/RequirementPanel.tsx:73:1]
 73 |     }
 74 |     activeDraftIdRef.current = activeDraftId
 75 |   }, [activeDraftId, cycleId])
 76 |   }, [activeDraftId, cycleId])
    :    ^
 77 | 
 78 |   // Restore activeDraftId from sessionStorage on mount
 79 |   useEffect(() => {
    `----

Caused by:
    Syntax Error

Import trace for requested module:
./src/components/RequirementPanel.tsx
./src/app/page.tsx @ webpack-internal:///(app-pages-browser)/./node_modules/next/dist/client/app-index.js:32
[   68525ms] [ERROR] ./src/components/RequirementPanel.tsx
Error: 
  x Expression expected
    ,-[/Users/teng/Drive/Project/u-plus-lite/src/components/RequirementPanel.tsx:73:1]
 73 |     }
 74 |     activeDraftIdRef.current = activeDraftId
 75 |   }, [activeDraftId, cycleId])
 76 |   }, [activeDraftId, cycleId])
    :    ^
 77 | 
 78 |   // Restore activeDraftId from sessionStorage on mount
 79 |   useEffect(() => {
    `----

Caused by:
    Syntax Error

Import trace for requested module:
./src/components/RequirementPanel.tsx
./src/app/page.tsx @ webpack-internal:///(app-pages-browser)/./node_modules/next/dist/client/app-index.js:32
[   78722ms] [ERROR] ./src/components/RequirementPanel.tsx
Error: 
  x Expression expected
    ,-[/Users/teng/Drive/Project/u-plus-lite/src/components/RequirementPanel.tsx:73:1]
 73 |     }
 74 |     activeDraftIdRef.current = activeDraftId
 75 |   }, [activeDraftId, cycleId])
 76 |   }, [activeDraftId, cycleId])
    :    ^
 77 | 
 78 |   // Restore activeDraftId from sessionStorage on mount
 79 |   useEffect(() => {
    `----

Caused by:
    Syntax Error

Import trace for requested module:
./src/components/RequirementPanel.tsx
./src/app/page.tsx @ webpack-internal:///(app-pages-browser)/./node_modules/next/dist/client/app-index.js:32
